<?xml version="1.0" encoding="UTF-8"?>
<testng-results ignored="0" total="2" passed="2" failed="0" skipped="0">
  <reporter-output>
  </reporter-output>
  <suite started-at="2023-02-12T19:05:10Z" name="All Test Suite" finished-at="2023-02-12T19:06:13Z" duration-ms="62805">
    <groups>
    </groups>
    <test started-at="2023-02-12T19:05:10Z" name="Store Flow" finished-at="2023-02-12T19:05:40Z" duration-ms="29941">
      <class name="StoreHomeFlow">
        <test-method is-config="true" signature="appiumStart()[pri:0, instance:StoreHomeFlow@5ba3f27a]" started-at="2023-02-12T19:05:10Z" name="appiumStart" finished-at="2023-02-12T19:05:22Z" duration-ms="11905" status="PASS">
          <reporter-output>
          </reporter-output>
        </test-method> <!-- appiumStart -->
        <test-method is-config="true" signature="setupTest()[pri:0, instance:StoreHomeFlow@5ba3f27a]" started-at="2023-02-12T19:05:23Z" name="setupTest" finished-at="2023-02-12T19:05:25Z" duration-ms="2082" status="PASS">
          <reporter-output>
          </reporter-output>
        </test-method> <!-- setupTest -->
        <test-method signature="StoreLandingForm(java.util.HashMap)[pri:0, instance:StoreHomeFlow@5ba3f27a]" started-at="2023-02-12T19:05:25Z" name="StoreLandingForm" data-provider="getData" finished-at="2023-02-12T19:05:39Z" duration-ms="14808" status="PASS">
          <params>
            <param index="0">
              <value>
                <![CDATA[{name=Jenifer, country=Austria, cartPageTitle=Cart, productName=Air Jordan 4 Retro}]]>
              </value>
            </param>
          </params>
          <reporter-output>
          </reporter-output>
        </test-method> <!-- StoreLandingForm -->
        <test-method is-config="true" signature="tearDown()[pri:0, instance:StoreHomeFlow@5ba3f27a]" started-at="2023-02-12T19:05:39Z" name="tearDown" finished-at="2023-02-12T19:05:40Z" duration-ms="828" status="PASS">
          <reporter-output>
          </reporter-output>
        </test-method> <!-- tearDown -->
      </class> <!-- StoreHomeFlow -->
    </test> <!-- Store Flow -->
    <test started-at="2023-02-12T19:05:41Z" name="Product Listing Flow" finished-at="2023-02-12T19:06:13Z" duration-ms="32473">
      <class name="StoreProductListingFlow">
        <test-method is-config="true" signature="appiumStart()[pri:0, instance:StoreProductListingFlow@31fa1761]" started-at="2023-02-12T19:05:41Z" name="appiumStart" finished-at="2023-02-12T19:05:52Z" duration-ms="11362" status="PASS">
          <reporter-output>
          </reporter-output>
        </test-method> <!-- appiumStart -->
        <test-method is-config="true" signature="setupTest()[pri:0, instance:StoreProductListingFlow@31fa1761]" started-at="2023-02-12T19:05:52Z" name="setupTest" finished-at="2023-02-12T19:05:54Z" duration-ms="1946" status="PASS">
          <reporter-output>
          </reporter-output>
        </test-method> <!-- setupTest -->
        <test-method signature="AddProductToCart(java.util.HashMap)[pri:0, instance:StoreProductListingFlow@31fa1761]" started-at="2023-02-12T19:05:54Z" name="AddProductToCart" data-provider="getData" finished-at="2023-02-12T19:06:13Z" duration-ms="18740" status="PASS">
          <params>
            <param index="0">
              <value>
                <![CDATA[{name=Jenifer, country=Austria, cartPageTitle=Cart, productName=Air Jordan 4 Retro}]]>
              </value>
            </param>
          </params>
          <reporter-output>
          </reporter-output>
        </test-method> <!-- AddProductToCart -->
        <test-method is-config="true" signature="tearDown()[pri:0, instance:StoreProductListingFlow@31fa1761]" started-at="2023-02-12T19:06:13Z" name="tearDown" finished-at="2023-02-12T19:06:13Z" duration-ms="424" status="PASS">
          <reporter-output>
          </reporter-output>
        </test-method> <!-- tearDown -->
      </class> <!-- StoreProductListingFlow -->
    </test> <!-- Product Listing Flow -->
  </suite> <!-- All Test Suite -->
</testng-results>
